
l============================= test session starts ==============================
platform linux -- Python 3.13.5, pytest-9.0.1, pluggy-1.6.0 -- /home/grupoverduzco/Documentos/industrial-verduzco/.venv/bin/python
cachedir: .pytest_cache
rootdir: /home/grupoverduzco/Documentos/industrial-verduzco
plugins: flask-1.3.0
collecting ... collected 7 items

test_api.py::TestLogin::test_login_page ERROR                            [ 14%]
test_api.py::TestLogin::test_login_ok ERROR                              [ 28%]
test_api.py::TestLogin::test_login_fail ERROR                            [ 42%]
test_api.py::TestPublic::test_catalogo ERROR                             [ 57%]
test_api.py::TestPublic::test_search ERROR                               [ 71%]
test_api.py::TestProtected::test_needs_login ERROR                       [ 85%]
test_api.py::TestProtected::test_with_login ERROR                        [100%]

==================================== ERRORS ====================================
_________________ ERROR at setup of TestLogin.test_login_page __________________

self = <sqlalchemy.engine.base.Connection object at 0x7f618a0e6b10>
dialect = <sqlalchemy.dialects.sqlite.pysqlite.SQLiteDialect_pysqlite object at 0x7f618a32e510>
context = <sqlalchemy.dialects.sqlite.base.SQLiteExecutionContext object at 0x7f618a121390>
statement = <sqlalchemy.dialects.sqlite.base.SQLiteCompiler object at 0x7f618a3aa490>
parameters = [('admin', 'scrypt:32768:8:1$gVzkwKGaPeM8zoRb$d4d057d9dc464a4fa103969765e450aafcb8830f195cef5bd56e1e1b60d736834b0b3f4eea8eb73b31b7e83ccc1238956603a2f1135a9e82e006978926cfcbf4', 'admin@test.com', 1, 1, '2025-11-30 03:18:30.322552', ...)]

    def _exec_single_context(
        self,
        dialect: Dialect,
        context: ExecutionContext,
        statement: Union[str, Compiled],
        parameters: Optional[_AnyMultiExecuteParams],
    ) -> CursorResult[Any]:
        """continue the _execute_context() method for a single DBAPI
        cursor.execute() or cursor.executemany() call.
    
        """
        if dialect.bind_typing is BindTyping.SETINPUTSIZES:
            generic_setinputsizes = context._prepare_set_input_sizes()
    
            if generic_setinputsizes:
                try:
                    dialect.do_set_input_sizes(
                        context.cursor, generic_setinputsizes, context
                    )
                except BaseException as e:
                    self._handle_dbapi_exception(
                        e, str(statement), parameters, None, context
                    )
    
        cursor, str_statement, parameters = (
            context.cursor,
            context.statement,
            context.parameters,
        )
    
        effective_parameters: Optional[_AnyExecuteParams]
    
        if not context.executemany:
            effective_parameters = parameters[0]
        else:
            effective_parameters = parameters
    
        if self._has_events or self.engine._has_events:
            for fn in self.dispatch.before_cursor_execute:
                str_statement, effective_parameters = fn(
                    self,
                    cursor,
                    str_statement,
                    effective_parameters,
                    context,
                    context.executemany,
                )
    
        if self._echo:
            self._log_info(str_statement)
    
            stats = context._get_cache_stats()
    
            if not self.engine.hide_parameters:
                self._log_info(
                    "[%s] %r",
                    stats,
                    sql_util._repr_params(
                        effective_parameters,
                        batches=10,
                        ismulti=context.executemany,
                    ),
                )
            else:
                self._log_info(
                    "[%s] [SQL parameters hidden due to hide_parameters=True]",
                    stats,
                )
    
        evt_handled: bool = False
        try:
            if context.execute_style is ExecuteStyle.EXECUTEMANY:
                effective_parameters = cast(
                    "_CoreMultiExecuteParams", effective_parameters
                )
                if self.dialect._has_events:
                    for fn in self.dialect.dispatch.do_executemany:
                        if fn(
                            cursor,
                            str_statement,
                            effective_parameters,
                            context,
                        ):
                            evt_handled = True
                            break
                if not evt_handled:
                    self.dialect.do_executemany(
                        cursor,
                        str_statement,
                        effective_parameters,
                        context,
                    )
            elif not effective_parameters and context.no_parameters:
                if self.dialect._has_events:
                    for fn in self.dialect.dispatch.do_execute_no_params:
                        if fn(cursor, str_statement, context):
                            evt_handled = True
                            break
                if not evt_handled:
                    self.dialect.do_execute_no_params(
                        cursor, str_statement, context
                    )
            else:
                effective_parameters = cast(
                    "_CoreSingleExecuteParams", effective_parameters
                )
                if self.dialect._has_events:
                    for fn in self.dialect.dispatch.do_execute:
                        if fn(
                            cursor,
                            str_statement,
                            effective_parameters,
                            context,
                        ):
                            evt_handled = True
                            break
                if not evt_handled:
>                   self.dialect.do_execute(
                        cursor, str_statement, effective_parameters, context
                    )

.venv/lib/python3.13/site-packages/sqlalchemy/engine/base.py:1967: 
_ _ _ _ _ _ _ _ _ _ _ _ _ _ _ _ _ _ _ _ _ _ _ _ _ _ _ _ _ _ _ _ _ _ _ _ _ _ _ _ 

self = <sqlalchemy.dialects.sqlite.pysqlite.SQLiteDialect_pysqlite object at 0x7f618a32e510>
cursor = <sqlite3.Cursor object at 0x7f618a192e40>
statement = 'INSERT INTO usuarios (username, password_hash, correo, es_admin, activo, fecha_creacion, fecha_actualizacion) VALUES (?, ?, ?, ?, ?, ?, ?)'
parameters = ('admin', 'scrypt:32768:8:1$gVzkwKGaPeM8zoRb$d4d057d9dc464a4fa103969765e450aafcb8830f195cef5bd56e1e1b60d736834b0b3f4eea8eb73b31b7e83ccc1238956603a2f1135a9e82e006978926cfcbf4', 'admin@test.com', 1, 1, '2025-11-30 03:18:30.322552', ...)
context = <sqlalchemy.dialects.sqlite.base.SQLiteExecutionContext object at 0x7f618a121390>

    def do_execute(self, cursor, statement, parameters, context=None):
>       cursor.execute(statement, parameters)
E       sqlite3.IntegrityError: UNIQUE constraint failed: usuarios.username

.venv/lib/python3.13/site-packages/sqlalchemy/engine/default.py:951: IntegrityError

The above exception was the direct cause of the following exception:

    @pytest.fixture
    def client():
        app.config['TESTING'] = True
        app.config['SQLALCHEMY_DATABASE_URI'] = 'sqlite:///:memory:'
        with app.app_context():
            db.create_all()
            admin = Usuario(username='admin', correo='admin@test.com', es_admin=True, activo=True)
            admin.set_password('admin123')
            db.session.add(admin)
>           db.session.commit()

test_api.py:15: 
_ _ _ _ _ _ _ _ _ _ _ _ _ _ _ _ _ _ _ _ _ _ _ _ _ _ _ _ _ _ _ _ _ _ _ _ _ _ _ _ 
.venv/lib/python3.13/site-packages/sqlalchemy/orm/scoping.py:597: in commit
    return self._proxied.commit()
           ^^^^^^^^^^^^^^^^^^^^^^
.venv/lib/python3.13/site-packages/sqlalchemy/orm/session.py:2030: in commit
    trans.commit(_to_root=True)
<string>:2: in commit
    ???
.venv/lib/python3.13/site-packages/sqlalchemy/orm/state_changes.py:137: in _go
    ret_value = fn(self, *arg, **kw)
                ^^^^^^^^^^^^^^^^^^^^
.venv/lib/python3.13/site-packages/sqlalchemy/orm/session.py:1311: in commit
    self._prepare_impl()
<string>:2: in _prepare_impl
    ???
.venv/lib/python3.13/site-packages/sqlalchemy/orm/state_changes.py:137: in _go
    ret_value = fn(self, *arg, **kw)
                ^^^^^^^^^^^^^^^^^^^^
.venv/lib/python3.13/site-packages/sqlalchemy/orm/session.py:1286: in _prepare_impl
    self.session.flush()
.venv/lib/python3.13/site-packages/sqlalchemy/orm/session.py:4331: in flush
    self._flush(objects)
.venv/lib/python3.13/site-packages/sqlalchemy/orm/session.py:4466: in _flush
    with util.safe_reraise():
         ^^^^^^^^^^^^^^^^^^^
.venv/lib/python3.13/site-packages/sqlalchemy/util/langhelpers.py:224: in __exit__
    raise exc_value.with_traceback(exc_tb)
.venv/lib/python3.13/site-packages/sqlalchemy/orm/session.py:4427: in _flush
    flush_context.execute()
.venv/lib/python3.13/site-packages/sqlalchemy/orm/unitofwork.py:466: in execute
    rec.execute(self)
.venv/lib/python3.13/site-packages/sqlalchemy/orm/unitofwork.py:642: in execute
    util.preloaded.orm_persistence.save_obj(
.venv/lib/python3.13/site-packages/sqlalchemy/orm/persistence.py:93: in save_obj
    _emit_insert_statements(
.venv/lib/python3.13/site-packages/sqlalchemy/orm/persistence.py:1233: in _emit_insert_statements
    result = connection.execute(
.venv/lib/python3.13/site-packages/sqlalchemy/engine/base.py:1419: in execute
    return meth(
.venv/lib/python3.13/site-packages/sqlalchemy/sql/elements.py:526: in _execute_on_connection
    return connection._execute_clauseelement(
.venv/lib/python3.13/site-packages/sqlalchemy/engine/base.py:1641: in _execute_clauseelement
    ret = self._execute_context(
.venv/lib/python3.13/site-packages/sqlalchemy/engine/base.py:1846: in _execute_context
    return self._exec_single_context(
.venv/lib/python3.13/site-packages/sqlalchemy/engine/base.py:1986: in _exec_single_context
    self._handle_dbapi_exception(
.venv/lib/python3.13/site-packages/sqlalchemy/engine/base.py:2355: in _handle_dbapi_exception
    raise sqlalchemy_exception.with_traceback(exc_info[2]) from e
.venv/lib/python3.13/site-packages/sqlalchemy/engine/base.py:1967: in _exec_single_context
    self.dialect.do_execute(
_ _ _ _ _ _ _ _ _ _ _ _ _ _ _ _ _ _ _ _ _ _ _ _ _ _ _ _ _ _ _ _ _ _ _ _ _ _ _ _ 

self = <sqlalchemy.dialects.sqlite.pysqlite.SQLiteDialect_pysqlite object at 0x7f618a32e510>
cursor = <sqlite3.Cursor object at 0x7f618a192e40>
statement = 'INSERT INTO usuarios (username, password_hash, correo, es_admin, activo, fecha_creacion, fecha_actualizacion) VALUES (?, ?, ?, ?, ?, ?, ?)'
parameters = ('admin', 'scrypt:32768:8:1$gVzkwKGaPeM8zoRb$d4d057d9dc464a4fa103969765e450aafcb8830f195cef5bd56e1e1b60d736834b0b3f4eea8eb73b31b7e83ccc1238956603a2f1135a9e82e006978926cfcbf4', 'admin@test.com', 1, 1, '2025-11-30 03:18:30.322552', ...)
context = <sqlalchemy.dialects.sqlite.base.SQLiteExecutionContext object at 0x7f618a121390>

    def do_execute(self, cursor, statement, parameters, context=None):
>       cursor.execute(statement, parameters)
E       sqlalchemy.exc.IntegrityError: (sqlite3.IntegrityError) UNIQUE constraint failed: usuarios.username
E       [SQL: INSERT INTO usuarios (username, password_hash, correo, es_admin, activo, fecha_creacion, fecha_actualizacion) VALUES (?, ?, ?, ?, ?, ?, ?)]
E       [parameters: ('admin', 'scrypt:32768:8:1$gVzkwKGaPeM8zoRb$d4d057d9dc464a4fa103969765e450aafcb8830f195cef5bd56e1e1b60d736834b0b3f4eea8eb73b31b7e83ccc1238956603a2f1135a9e82e006978926cfcbf4', 'admin@test.com', 1, 1, '2025-11-30 03:18:30.322552', '2025-11-30 03:18:30.322563')]
E       (Background on this error at: https://sqlalche.me/e/20/gkpj)

.venv/lib/python3.13/site-packages/sqlalchemy/engine/default.py:951: IntegrityError
__________________ ERROR at setup of TestLogin.test_login_ok ___________________

self = <sqlalchemy.engine.base.Connection object at 0x7f618a1117b0>
dialect = <sqlalchemy.dialects.sqlite.pysqlite.SQLiteDialect_pysqlite object at 0x7f618a32e510>
context = <sqlalchemy.dialects.sqlite.base.SQLiteExecutionContext object at 0x7f618a122270>
statement = <sqlalchemy.dialects.sqlite.base.SQLiteCompiler object at 0x7f618a3aa490>
parameters = [('admin', 'scrypt:32768:8:1$NuUG4a8S2RjZ89MO$d81c5f0117d9c4061f26a2338a59abf4b2f4cefa10b8f47e7b40f722362f51f25b1a0d89445a5e8f01dcb9ac6b4170f8f48911bb551fa4daa574d34817bbc1b2', 'admin@test.com', 1, 1, '2025-11-30 03:18:31.185335', ...)]

    def _exec_single_context(
        self,
        dialect: Dialect,
        context: ExecutionContext,
        statement: Union[str, Compiled],
        parameters: Optional[_AnyMultiExecuteParams],
    ) -> CursorResult[Any]:
        """continue the _execute_context() method for a single DBAPI
        cursor.execute() or cursor.executemany() call.
    
        """
        if dialect.bind_typing is BindTyping.SETINPUTSIZES:
            generic_setinputsizes = context._prepare_set_input_sizes()
    
            if generic_setinputsizes:
                try:
                    dialect.do_set_input_sizes(
                        context.cursor, generic_setinputsizes, context
                    )
                except BaseException as e:
                    self._handle_dbapi_exception(
                        e, str(statement), parameters, None, context
                    )
    
        cursor, str_statement, parameters = (
            context.cursor,
            context.statement,
            context.parameters,
        )
    
        effective_parameters: Optional[_AnyExecuteParams]
    
        if not context.executemany:
            effective_parameters = parameters[0]
        else:
            effective_parameters = parameters
    
        if self._has_events or self.engine._has_events:
            for fn in self.dispatch.before_cursor_execute:
                str_statement, effective_parameters = fn(
                    self,
                    cursor,
                    str_statement,
                    effective_parameters,
                    context,
                    context.executemany,
                )
    
        if self._echo:
            self._log_info(str_statement)
    
            stats = context._get_cache_stats()
    
            if not self.engine.hide_parameters:
                self._log_info(
                    "[%s] %r",
                    stats,
                    sql_util._repr_params(
                        effective_parameters,
                        batches=10,
                        ismulti=context.executemany,
                    ),
                )
            else:
                self._log_info(
                    "[%s] [SQL parameters hidden due to hide_parameters=True]",
                    stats,
                )
    
        evt_handled: bool = False
        try:
            if context.execute_style is ExecuteStyle.EXECUTEMANY:
                effective_parameters = cast(
                    "_CoreMultiExecuteParams", effective_parameters
                )
                if self.dialect._has_events:
                    for fn in self.dialect.dispatch.do_executemany:
                        if fn(
                            cursor,
                            str_statement,
                            effective_parameters,
                            context,
                        ):
                            evt_handled = True
                            break
                if not evt_handled:
                    self.dialect.do_executemany(
                        cursor,
                        str_statement,
                        effective_parameters,
                        context,
                    )
            elif not effective_parameters and context.no_parameters:
                if self.dialect._has_events:
                    for fn in self.dialect.dispatch.do_execute_no_params:
                        if fn(cursor, str_statement, context):
                            evt_handled = True
                            break
                if not evt_handled:
                    self.dialect.do_execute_no_params(
                        cursor, str_statement, context
                    )
            else:
                effective_parameters = cast(
                    "_CoreSingleExecuteParams", effective_parameters
                )
                if self.dialect._has_events:
                    for fn in self.dialect.dispatch.do_execute:
                        if fn(
                            cursor,
                            str_statement,
                            effective_parameters,
                            context,
                        ):
                            evt_handled = True
                            break
                if not evt_handled:
>                   self.dialect.do_execute(
                        cursor, str_statement, effective_parameters, context
                    )

.venv/lib/python3.13/site-packages/sqlalchemy/engine/base.py:1967: 
_ _ _ _ _ _ _ _ _ _ _ _ _ _ _ _ _ _ _ _ _ _ _ _ _ _ _ _ _ _ _ _ _ _ _ _ _ _ _ _ 

self = <sqlalchemy.dialects.sqlite.pysqlite.SQLiteDialect_pysqlite object at 0x7f618a32e510>
cursor = <sqlite3.Cursor object at 0x7f6188ce4a40>
statement = 'INSERT INTO usuarios (username, password_hash, correo, es_admin, activo, fecha_creacion, fecha_actualizacion) VALUES (?, ?, ?, ?, ?, ?, ?)'
parameters = ('admin', 'scrypt:32768:8:1$NuUG4a8S2RjZ89MO$d81c5f0117d9c4061f26a2338a59abf4b2f4cefa10b8f47e7b40f722362f51f25b1a0d89445a5e8f01dcb9ac6b4170f8f48911bb551fa4daa574d34817bbc1b2', 'admin@test.com', 1, 1, '2025-11-30 03:18:31.185335', ...)
context = <sqlalchemy.dialects.sqlite.base.SQLiteExecutionContext object at 0x7f618a122270>

    def do_execute(self, cursor, statement, parameters, context=None):
>       cursor.execute(statement, parameters)
E       sqlite3.IntegrityError: UNIQUE constraint failed: usuarios.username

.venv/lib/python3.13/site-packages/sqlalchemy/engine/default.py:951: IntegrityError

The above exception was the direct cause of the following exception:

    @pytest.fixture
    def client():
        app.config['TESTING'] = True
        app.config['SQLALCHEMY_DATABASE_URI'] = 'sqlite:///:memory:'
        with app.app_context():
            db.create_all()
            admin = Usuario(username='admin', correo='admin@test.com', es_admin=True, activo=True)
            admin.set_password('admin123')
            db.session.add(admin)
>           db.session.commit()

test_api.py:15: 
_ _ _ _ _ _ _ _ _ _ _ _ _ _ _ _ _ _ _ _ _ _ _ _ _ _ _ _ _ _ _ _ _ _ _ _ _ _ _ _ 
.venv/lib/python3.13/site-packages/sqlalchemy/orm/scoping.py:597: in commit
    return self._proxied.commit()
           ^^^^^^^^^^^^^^^^^^^^^^
.venv/lib/python3.13/site-packages/sqlalchemy/orm/session.py:2030: in commit
    trans.commit(_to_root=True)
<string>:2: in commit
    ???
.venv/lib/python3.13/site-packages/sqlalchemy/orm/state_changes.py:137: in _go
    ret_value = fn(self, *arg, **kw)
                ^^^^^^^^^^^^^^^^^^^^
.venv/lib/python3.13/site-packages/sqlalchemy/orm/session.py:1311: in commit
    self._prepare_impl()
<string>:2: in _prepare_impl
    ???
.venv/lib/python3.13/site-packages/sqlalchemy/orm/state_changes.py:137: in _go
    ret_value = fn(self, *arg, **kw)
                ^^^^^^^^^^^^^^^^^^^^
.venv/lib/python3.13/site-packages/sqlalchemy/orm/session.py:1286: in _prepare_impl
    self.session.flush()
.venv/lib/python3.13/site-packages/sqlalchemy/orm/session.py:4331: in flush
    self._flush(objects)
.venv/lib/python3.13/site-packages/sqlalchemy/orm/session.py:4466: in _flush
    with util.safe_reraise():
         ^^^^^^^^^^^^^^^^^^^
.venv/lib/python3.13/site-packages/sqlalchemy/util/langhelpers.py:224: in __exit__
    raise exc_value.with_traceback(exc_tb)
.venv/lib/python3.13/site-packages/sqlalchemy/orm/session.py:4427: in _flush
    flush_context.execute()
.venv/lib/python3.13/site-packages/sqlalchemy/orm/unitofwork.py:466: in execute
    rec.execute(self)
.venv/lib/python3.13/site-packages/sqlalchemy/orm/unitofwork.py:642: in execute
    util.preloaded.orm_persistence.save_obj(
.venv/lib/python3.13/site-packages/sqlalchemy/orm/persistence.py:93: in save_obj
    _emit_insert_statements(
.venv/lib/python3.13/site-packages/sqlalchemy/orm/persistence.py:1233: in _emit_insert_statements
    result = connection.execute(
.venv/lib/python3.13/site-packages/sqlalchemy/engine/base.py:1419: in execute
    return meth(
.venv/lib/python3.13/site-packages/sqlalchemy/sql/elements.py:526: in _execute_on_connection
    return connection._execute_clauseelement(
.venv/lib/python3.13/site-packages/sqlalchemy/engine/base.py:1641: in _execute_clauseelement
    ret = self._execute_context(
.venv/lib/python3.13/site-packages/sqlalchemy/engine/base.py:1846: in _execute_context
    return self._exec_single_context(
.venv/lib/python3.13/site-packages/sqlalchemy/engine/base.py:1986: in _exec_single_context
    self._handle_dbapi_exception(
.venv/lib/python3.13/site-packages/sqlalchemy/engine/base.py:2355: in _handle_dbapi_exception
    raise sqlalchemy_exception.with_traceback(exc_info[2]) from e
.venv/lib/python3.13/site-packages/sqlalchemy/engine/base.py:1967: in _exec_single_context
    self.dialect.do_execute(
_ _ _ _ _ _ _ _ _ _ _ _ _ _ _ _ _ _ _ _ _ _ _ _ _ _ _ _ _ _ _ _ _ _ _ _ _ _ _ _ 

self = <sqlalchemy.dialects.sqlite.pysqlite.SQLiteDialect_pysqlite object at 0x7f618a32e510>
cursor = <sqlite3.Cursor object at 0x7f6188ce4a40>
statement = 'INSERT INTO usuarios (username, password_hash, correo, es_admin, activo, fecha_creacion, fecha_actualizacion) VALUES (?, ?, ?, ?, ?, ?, ?)'
parameters = ('admin', 'scrypt:32768:8:1$NuUG4a8S2RjZ89MO$d81c5f0117d9c4061f26a2338a59abf4b2f4cefa10b8f47e7b40f722362f51f25b1a0d89445a5e8f01dcb9ac6b4170f8f48911bb551fa4daa574d34817bbc1b2', 'admin@test.com', 1, 1, '2025-11-30 03:18:31.185335', ...)
context = <sqlalchemy.dialects.sqlite.base.SQLiteExecutionContext object at 0x7f618a122270>

    def do_execute(self, cursor, statement, parameters, context=None):
>       cursor.execute(statement, parameters)
E       sqlalchemy.exc.IntegrityError: (sqlite3.IntegrityError) UNIQUE constraint failed: usuarios.username
E       [SQL: INSERT INTO usuarios (username, password_hash, correo, es_admin, activo, fecha_creacion, fecha_actualizacion) VALUES (?, ?, ?, ?, ?, ?, ?)]
E       [parameters: ('admin', 'scrypt:32768:8:1$NuUG4a8S2RjZ89MO$d81c5f0117d9c4061f26a2338a59abf4b2f4cefa10b8f47e7b40f722362f51f25b1a0d89445a5e8f01dcb9ac6b4170f8f48911bb551fa4daa574d34817bbc1b2', 'admin@test.com', 1, 1, '2025-11-30 03:18:31.185335', '2025-11-30 03:18:31.185346')]
E       (Background on this error at: https://sqlalche.me/e/20/gkpj)

.venv/lib/python3.13/site-packages/sqlalchemy/engine/default.py:951: IntegrityError
_________________ ERROR at setup of TestLogin.test_login_fail __________________

self = <sqlalchemy.engine.base.Connection object at 0x7f618a3b7c50>
dialect = <sqlalchemy.dialects.sqlite.pysqlite.SQLiteDialect_pysqlite object at 0x7f618a32e510>
context = <sqlalchemy.dialects.sqlite.base.SQLiteExecutionContext object at 0x7f618a0503d0>
statement = <sqlalchemy.dialects.sqlite.base.SQLiteCompiler object at 0x7f618a3aa490>
parameters = [('admin', 'scrypt:32768:8:1$d0WzXueeRhZyvFnh$796749e0de04dfcd1ff9b94a58d7c917e577328dab59aff8b3c2d2efd9b4b7559d1a1a3cb93172bbce8b02d70b8a6d709ffbd353f2e585e294216ff4e53e90ae', 'admin@test.com', 1, 1, '2025-11-30 03:18:31.946019', ...)]

    def _exec_single_context(
        self,
        dialect: Dialect,
        context: ExecutionContext,
        statement: Union[str, Compiled],
        parameters: Optional[_AnyMultiExecuteParams],
    ) -> CursorResult[Any]:
        """continue the _execute_context() method for a single DBAPI
        cursor.execute() or cursor.executemany() call.
    
        """
        if dialect.bind_typing is BindTyping.SETINPUTSIZES:
            generic_setinputsizes = context._prepare_set_input_sizes()
    
            if generic_setinputsizes:
                try:
                    dialect.do_set_input_sizes(
                        context.cursor, generic_setinputsizes, context
                    )
                except BaseException as e:
                    self._handle_dbapi_exception(
                        e, str(statement), parameters, None, context
                    )
    
        cursor, str_statement, parameters = (
            context.cursor,
            context.statement,
            context.parameters,
        )
    
        effective_parameters: Optional[_AnyExecuteParams]
    
        if not context.executemany:
            effective_parameters = parameters[0]
        else:
            effective_parameters = parameters
    
        if self._has_events or self.engine._has_events:
            for fn in self.dispatch.before_cursor_execute:
                str_statement, effective_parameters = fn(
                    self,
                    cursor,
                    str_statement,
                    effective_parameters,
                    context,
                    context.executemany,
                )
    
        if self._echo:
            self._log_info(str_statement)
    
            stats = context._get_cache_stats()
    
            if not self.engine.hide_parameters:
                self._log_info(
                    "[%s] %r",
                    stats,
                    sql_util._repr_params(
                        effective_parameters,
                        batches=10,
                        ismulti=context.executemany,
                    ),
                )
            else:
                self._log_info(
                    "[%s] [SQL parameters hidden due to hide_parameters=True]",
                    stats,
                )
    
        evt_handled: bool = False
        try:
            if context.execute_style is ExecuteStyle.EXECUTEMANY:
                effective_parameters = cast(
                    "_CoreMultiExecuteParams", effective_parameters
                )
                if self.dialect._has_events:
                    for fn in self.dialect.dispatch.do_executemany:
                        if fn(
                            cursor,
                            str_statement,
                            effective_parameters,
                            context,
                        ):
                            evt_handled = True
                            break
                if not evt_handled:
                    self.dialect.do_executemany(
                        cursor,
                        str_statement,
                        effective_parameters,
                        context,
                    )
            elif not effective_parameters and context.no_parameters:
                if self.dialect._has_events:
                    for fn in self.dialect.dispatch.do_execute_no_params:
                        if fn(cursor, str_statement, context):
                            evt_handled = True
                            break
                if not evt_handled:
                    self.dialect.do_execute_no_params(
                        cursor, str_statement, context
                    )
            else:
                effective_parameters = cast(
                    "_CoreSingleExecuteParams", effective_parameters
                )
                if self.dialect._has_events:
                    for fn in self.dialect.dispatch.do_execute:
                        if fn(
                            cursor,
                            str_statement,
                            effective_parameters,
                            context,
                        ):
                            evt_handled = True
                            break
                if not evt_handled:
>                   self.dialect.do_execute(
                        cursor, str_statement, effective_parameters, context
                    )

.venv/lib/python3.13/site-packages/sqlalchemy/engine/base.py:1967: 
_ _ _ _ _ _ _ _ _ _ _ _ _ _ _ _ _ _ _ _ _ _ _ _ _ _ _ _ _ _ _ _ _ _ _ _ _ _ _ _ 

self = <sqlalchemy.dialects.sqlite.pysqlite.SQLiteDialect_pysqlite object at 0x7f618a32e510>
cursor = <sqlite3.Cursor object at 0x7f61893449c0>
statement = 'INSERT INTO usuarios (username, password_hash, correo, es_admin, activo, fecha_creacion, fecha_actualizacion) VALUES (?, ?, ?, ?, ?, ?, ?)'
parameters = ('admin', 'scrypt:32768:8:1$d0WzXueeRhZyvFnh$796749e0de04dfcd1ff9b94a58d7c917e577328dab59aff8b3c2d2efd9b4b7559d1a1a3cb93172bbce8b02d70b8a6d709ffbd353f2e585e294216ff4e53e90ae', 'admin@test.com', 1, 1, '2025-11-30 03:18:31.946019', ...)
context = <sqlalchemy.dialects.sqlite.base.SQLiteExecutionContext object at 0x7f618a0503d0>

    def do_execute(self, cursor, statement, parameters, context=None):
>       cursor.execute(statement, parameters)
E       sqlite3.IntegrityError: UNIQUE constraint failed: usuarios.username

.venv/lib/python3.13/site-packages/sqlalchemy/engine/default.py:951: IntegrityError

The above exception was the direct cause of the following exception:

    @pytest.fixture
    def client():
        app.config['TESTING'] = True
        app.config['SQLALCHEMY_DATABASE_URI'] = 'sqlite:///:memory:'
        with app.app_context():
            db.create_all()
            admin = Usuario(username='admin', correo='admin@test.com', es_admin=True, activo=True)
            admin.set_password('admin123')
            db.session.add(admin)
>           db.session.commit()

test_api.py:15: 
_ _ _ _ _ _ _ _ _ _ _ _ _ _ _ _ _ _ _ _ _ _ _ _ _ _ _ _ _ _ _ _ _ _ _ _ _ _ _ _ 
.venv/lib/python3.13/site-packages/sqlalchemy/orm/scoping.py:597: in commit
    return self._proxied.commit()
           ^^^^^^^^^^^^^^^^^^^^^^
.venv/lib/python3.13/site-packages/sqlalchemy/orm/session.py:2030: in commit
    trans.commit(_to_root=True)
<string>:2: in commit
    ???
.venv/lib/python3.13/site-packages/sqlalchemy/orm/state_changes.py:137: in _go
    ret_value = fn(self, *arg, **kw)
                ^^^^^^^^^^^^^^^^^^^^
.venv/lib/python3.13/site-packages/sqlalchemy/orm/session.py:1311: in commit
    self._prepare_impl()
<string>:2: in _prepare_impl
    ???
.venv/lib/python3.13/site-packages/sqlalchemy/orm/state_changes.py:137: in _go
    ret_value = fn(self, *arg, **kw)
                ^^^^^^^^^^^^^^^^^^^^
.venv/lib/python3.13/site-packages/sqlalchemy/orm/session.py:1286: in _prepare_impl
    self.session.flush()
.venv/lib/python3.13/site-packages/sqlalchemy/orm/session.py:4331: in flush
    self._flush(objects)
.venv/lib/python3.13/site-packages/sqlalchemy/orm/session.py:4466: in _flush
    with util.safe_reraise():
         ^^^^^^^^^^^^^^^^^^^
.venv/lib/python3.13/site-packages/sqlalchemy/util/langhelpers.py:224: in __exit__
    raise exc_value.with_traceback(exc_tb)
.venv/lib/python3.13/site-packages/sqlalchemy/orm/session.py:4427: in _flush
    flush_context.execute()
.venv/lib/python3.13/site-packages/sqlalchemy/orm/unitofwork.py:466: in execute
    rec.execute(self)
.venv/lib/python3.13/site-packages/sqlalchemy/orm/unitofwork.py:642: in execute
    util.preloaded.orm_persistence.save_obj(
.venv/lib/python3.13/site-packages/sqlalchemy/orm/persistence.py:93: in save_obj
    _emit_insert_statements(
.venv/lib/python3.13/site-packages/sqlalchemy/orm/persistence.py:1233: in _emit_insert_statements
    result = connection.execute(
.venv/lib/python3.13/site-packages/sqlalchemy/engine/base.py:1419: in execute
    return meth(
.venv/lib/python3.13/site-packages/sqlalchemy/sql/elements.py:526: in _execute_on_connection
    return connection._execute_clauseelement(
.venv/lib/python3.13/site-packages/sqlalchemy/engine/base.py:1641: in _execute_clauseelement
    ret = self._execute_context(
.venv/lib/python3.13/site-packages/sqlalchemy/engine/base.py:1846: in _execute_context
    return self._exec_single_context(
.venv/lib/python3.13/site-packages/sqlalchemy/engine/base.py:1986: in _exec_single_context
    self._handle_dbapi_exception(
.venv/lib/python3.13/site-packages/sqlalchemy/engine/base.py:2355: in _handle_dbapi_exception
    raise sqlalchemy_exception.with_traceback(exc_info[2]) from e
.venv/lib/python3.13/site-packages/sqlalchemy/engine/base.py:1967: in _exec_single_context
    self.dialect.do_execute(
_ _ _ _ _ _ _ _ _ _ _ _ _ _ _ _ _ _ _ _ _ _ _ _ _ _ _ _ _ _ _ _ _ _ _ _ _ _ _ _ 

self = <sqlalchemy.dialects.sqlite.pysqlite.SQLiteDialect_pysqlite object at 0x7f618a32e510>
cursor = <sqlite3.Cursor object at 0x7f61893449c0>
statement = 'INSERT INTO usuarios (username, password_hash, correo, es_admin, activo, fecha_creacion, fecha_actualizacion) VALUES (?, ?, ?, ?, ?, ?, ?)'
parameters = ('admin', 'scrypt:32768:8:1$d0WzXueeRhZyvFnh$796749e0de04dfcd1ff9b94a58d7c917e577328dab59aff8b3c2d2efd9b4b7559d1a1a3cb93172bbce8b02d70b8a6d709ffbd353f2e585e294216ff4e53e90ae', 'admin@test.com', 1, 1, '2025-11-30 03:18:31.946019', ...)
context = <sqlalchemy.dialects.sqlite.base.SQLiteExecutionContext object at 0x7f618a0503d0>

    def do_execute(self, cursor, statement, parameters, context=None):
>       cursor.execute(statement, parameters)
E       sqlalchemy.exc.IntegrityError: (sqlite3.IntegrityError) UNIQUE constraint failed: usuarios.username
E       [SQL: INSERT INTO usuarios (username, password_hash, correo, es_admin, activo, fecha_creacion, fecha_actualizacion) VALUES (?, ?, ?, ?, ?, ?, ?)]
E       [parameters: ('admin', 'scrypt:32768:8:1$d0WzXueeRhZyvFnh$796749e0de04dfcd1ff9b94a58d7c917e577328dab59aff8b3c2d2efd9b4b7559d1a1a3cb93172bbce8b02d70b8a6d709ffbd353f2e585e294216ff4e53e90ae', 'admin@test.com', 1, 1, '2025-11-30 03:18:31.946019', '2025-11-30 03:18:31.946030')]
E       (Background on this error at: https://sqlalche.me/e/20/gkpj)

.venv/lib/python3.13/site-packages/sqlalchemy/engine/default.py:951: IntegrityError
__________________ ERROR at setup of TestPublic.test_catalogo __________________

self = <sqlalchemy.engine.base.Connection object at 0x7f6189cce990>
dialect = <sqlalchemy.dialects.sqlite.pysqlite.SQLiteDialect_pysqlite object at 0x7f618a32e510>
context = <sqlalchemy.dialects.sqlite.base.SQLiteExecutionContext object at 0x7f618a051c50>
statement = <sqlalchemy.dialects.sqlite.base.SQLiteCompiler object at 0x7f618a3aa490>
parameters = [('admin', 'scrypt:32768:8:1$I0SzkP9EziElhT1t$533d7e42fb5069e4fa733f1f639be638435e79ecc3ae54f2024ddcac2b433ea8b016b9ac17ce0091cab2b3736c8c5a179e60c0f227e7a14c9fcda3d232b404fe', 'admin@test.com', 1, 1, '2025-11-30 03:18:32.709191', ...)]

    def _exec_single_context(
        self,
        dialect: Dialect,
        context: ExecutionContext,
        statement: Union[str, Compiled],
        parameters: Optional[_AnyMultiExecuteParams],
    ) -> CursorResult[Any]:
        """continue the _execute_context() method for a single DBAPI
        cursor.execute() or cursor.executemany() call.
    
        """
        if dialect.bind_typing is BindTyping.SETINPUTSIZES:
            generic_setinputsizes = context._prepare_set_input_sizes()
    
            if generic_setinputsizes:
                try:
                    dialect.do_set_input_sizes(
                        context.cursor, generic_setinputsizes, context
                    )
                except BaseException as e:
                    self._handle_dbapi_exception(
                        e, str(statement), parameters, None, context
                    )
    
        cursor, str_statement, parameters = (
            context.cursor,
            context.statement,
            context.parameters,
        )
    
        effective_parameters: Optional[_AnyExecuteParams]
    
        if not context.executemany:
            effective_parameters = parameters[0]
        else:
            effective_parameters = parameters
    
        if self._has_events or self.engine._has_events:
            for fn in self.dispatch.before_cursor_execute:
                str_statement, effective_parameters = fn(
                    self,
                    cursor,
                    str_statement,
                    effective_parameters,
                    context,
                    context.executemany,
                )
    
        if self._echo:
            self._log_info(str_statement)
    
            stats = context._get_cache_stats()
    
            if not self.engine.hide_parameters:
                self._log_info(
                    "[%s] %r",
                    stats,
                    sql_util._repr_params(
                        effective_parameters,
                        batches=10,
                        ismulti=context.executemany,
                    ),
                )
            else:
                self._log_info(
                    "[%s] [SQL parameters hidden due to hide_parameters=True]",
                    stats,
                )
    
        evt_handled: bool = False
        try:
            if context.execute_style is ExecuteStyle.EXECUTEMANY:
                effective_parameters = cast(
                    "_CoreMultiExecuteParams", effective_parameters
                )
                if self.dialect._has_events:
                    for fn in self.dialect.dispatch.do_executemany:
                        if fn(
                            cursor,
                            str_statement,
                            effective_parameters,
                            context,
                        ):
                            evt_handled = True
                            break
                if not evt_handled:
                    self.dialect.do_executemany(
                        cursor,
                        str_statement,
                        effective_parameters,
                        context,
                    )
            elif not effective_parameters and context.no_parameters:
                if self.dialect._has_events:
                    for fn in self.dialect.dispatch.do_execute_no_params:
                        if fn(cursor, str_statement, context):
                            evt_handled = True
                            break
                if not evt_handled:
                    self.dialect.do_execute_no_params(
                        cursor, str_statement, context
                    )
            else:
                effective_parameters = cast(
                    "_CoreSingleExecuteParams", effective_parameters
                )
                if self.dialect._has_events:
                    for fn in self.dialect.dispatch.do_execute:
                        if fn(
                            cursor,
                            str_statement,
                            effective_parameters,
                            context,
                        ):
                            evt_handled = True
                            break
                if not evt_handled:
>                   self.dialect.do_execute(
                        cursor, str_statement, effective_parameters, context
                    )

.venv/lib/python3.13/site-packages/sqlalchemy/engine/base.py:1967: 
_ _ _ _ _ _ _ _ _ _ _ _ _ _ _ _ _ _ _ _ _ _ _ _ _ _ _ _ _ _ _ _ _ _ _ _ _ _ _ _ 

self = <sqlalchemy.dialects.sqlite.pysqlite.SQLiteDialect_pysqlite object at 0x7f618a32e510>
cursor = <sqlite3.Cursor object at 0x7f6188f801c0>
statement = 'INSERT INTO usuarios (username, password_hash, correo, es_admin, activo, fecha_creacion, fecha_actualizacion) VALUES (?, ?, ?, ?, ?, ?, ?)'
parameters = ('admin', 'scrypt:32768:8:1$I0SzkP9EziElhT1t$533d7e42fb5069e4fa733f1f639be638435e79ecc3ae54f2024ddcac2b433ea8b016b9ac17ce0091cab2b3736c8c5a179e60c0f227e7a14c9fcda3d232b404fe', 'admin@test.com', 1, 1, '2025-11-30 03:18:32.709191', ...)
context = <sqlalchemy.dialects.sqlite.base.SQLiteExecutionContext object at 0x7f618a051c50>

    def do_execute(self, cursor, statement, parameters, context=None):
>       cursor.execute(statement, parameters)
E       sqlite3.IntegrityError: UNIQUE constraint failed: usuarios.username

.venv/lib/python3.13/site-packages/sqlalchemy/engine/default.py:951: IntegrityError

The above exception was the direct cause of the following exception:

    @pytest.fixture
    def client():
        app.config['TESTING'] = True
        app.config['SQLALCHEMY_DATABASE_URI'] = 'sqlite:///:memory:'
        with app.app_context():
            db.create_all()
            admin = Usuario(username='admin', correo='admin@test.com', es_admin=True, activo=True)
            admin.set_password('admin123')
            db.session.add(admin)
>           db.session.commit()

test_api.py:15: 
_ _ _ _ _ _ _ _ _ _ _ _ _ _ _ _ _ _ _ _ _ _ _ _ _ _ _ _ _ _ _ _ _ _ _ _ _ _ _ _ 
.venv/lib/python3.13/site-packages/sqlalchemy/orm/scoping.py:597: in commit
    return self._proxied.commit()
           ^^^^^^^^^^^^^^^^^^^^^^
.venv/lib/python3.13/site-packages/sqlalchemy/orm/session.py:2030: in commit
    trans.commit(_to_root=True)
<string>:2: in commit
    ???
.venv/lib/python3.13/site-packages/sqlalchemy/orm/state_changes.py:137: in _go
    ret_value = fn(self, *arg, **kw)
                ^^^^^^^^^^^^^^^^^^^^
.venv/lib/python3.13/site-packages/sqlalchemy/orm/session.py:1311: in commit
    self._prepare_impl()
<string>:2: in _prepare_impl
    ???
.venv/lib/python3.13/site-packages/sqlalchemy/orm/state_changes.py:137: in _go
    ret_value = fn(self, *arg, **kw)
                ^^^^^^^^^^^^^^^^^^^^
.venv/lib/python3.13/site-packages/sqlalchemy/orm/session.py:1286: in _prepare_impl
    self.session.flush()
.venv/lib/python3.13/site-packages/sqlalchemy/orm/session.py:4331: in flush
    self._flush(objects)
.venv/lib/python3.13/site-packages/sqlalchemy/orm/session.py:4466: in _flush
    with util.safe_reraise():
         ^^^^^^^^^^^^^^^^^^^
.venv/lib/python3.13/site-packages/sqlalchemy/util/langhelpers.py:224: in __exit__
    raise exc_value.with_traceback(exc_tb)
.venv/lib/python3.13/site-packages/sqlalchemy/orm/session.py:4427: in _flush
    flush_context.execute()
.venv/lib/python3.13/site-packages/sqlalchemy/orm/unitofwork.py:466: in execute
    rec.execute(self)
.venv/lib/python3.13/site-packages/sqlalchemy/orm/unitofwork.py:642: in execute
    util.preloaded.orm_persistence.save_obj(
.venv/lib/python3.13/site-packages/sqlalchemy/orm/persistence.py:93: in save_obj
    _emit_insert_statements(
.venv/lib/python3.13/site-packages/sqlalchemy/orm/persistence.py:1233: in _emit_insert_statements
    result = connection.execute(
.venv/lib/python3.13/site-packages/sqlalchemy/engine/base.py:1419: in execute
    return meth(
.venv/lib/python3.13/site-packages/sqlalchemy/sql/elements.py:526: in _execute_on_connection
    return connection._execute_clauseelement(
.venv/lib/python3.13/site-packages/sqlalchemy/engine/base.py:1641: in _execute_clauseelement
    ret = self._execute_context(
.venv/lib/python3.13/site-packages/sqlalchemy/engine/base.py:1846: in _execute_context
    return self._exec_single_context(
.venv/lib/python3.13/site-packages/sqlalchemy/engine/base.py:1986: in _exec_single_context
    self._handle_dbapi_exception(
.venv/lib/python3.13/site-packages/sqlalchemy/engine/base.py:2355: in _handle_dbapi_exception
    raise sqlalchemy_exception.with_traceback(exc_info[2]) from e
.venv/lib/python3.13/site-packages/sqlalchemy/engine/base.py:1967: in _exec_single_context
    self.dialect.do_execute(
_ _ _ _ _ _ _ _ _ _ _ _ _ _ _ _ _ _ _ _ _ _ _ _ _ _ _ _ _ _ _ _ _ _ _ _ _ _ _ _ 

self = <sqlalchemy.dialects.sqlite.pysqlite.SQLiteDialect_pysqlite object at 0x7f618a32e510>
cursor = <sqlite3.Cursor object at 0x7f6188f801c0>
statement = 'INSERT INTO usuarios (username, password_hash, correo, es_admin, activo, fecha_creacion, fecha_actualizacion) VALUES (?, ?, ?, ?, ?, ?, ?)'
parameters = ('admin', 'scrypt:32768:8:1$I0SzkP9EziElhT1t$533d7e42fb5069e4fa733f1f639be638435e79ecc3ae54f2024ddcac2b433ea8b016b9ac17ce0091cab2b3736c8c5a179e60c0f227e7a14c9fcda3d232b404fe', 'admin@test.com', 1, 1, '2025-11-30 03:18:32.709191', ...)
context = <sqlalchemy.dialects.sqlite.base.SQLiteExecutionContext object at 0x7f618a051c50>

    def do_execute(self, cursor, statement, parameters, context=None):
>       cursor.execute(statement, parameters)
E       sqlalchemy.exc.IntegrityError: (sqlite3.IntegrityError) UNIQUE constraint failed: usuarios.username
E       [SQL: INSERT INTO usuarios (username, password_hash, correo, es_admin, activo, fecha_creacion, fecha_actualizacion) VALUES (?, ?, ?, ?, ?, ?, ?)]
E       [parameters: ('admin', 'scrypt:32768:8:1$I0SzkP9EziElhT1t$533d7e42fb5069e4fa733f1f639be638435e79ecc3ae54f2024ddcac2b433ea8b016b9ac17ce0091cab2b3736c8c5a179e60c0f227e7a14c9fcda3d232b404fe', 'admin@test.com', 1, 1, '2025-11-30 03:18:32.709191', '2025-11-30 03:18:32.709202')]
E       (Background on this error at: https://sqlalche.me/e/20/gkpj)

.venv/lib/python3.13/site-packages/sqlalchemy/engine/default.py:951: IntegrityError
___________________ ERROR at setup of TestPublic.test_search ___________________

self = <sqlalchemy.engine.base.Connection object at 0x7f618a052eb0>
dialect = <sqlalchemy.dialects.sqlite.pysqlite.SQLiteDialect_pysqlite object at 0x7f618a32e510>
context = <sqlalchemy.dialects.sqlite.base.SQLiteExecutionContext object at 0x7f618a0526d0>
statement = <sqlalchemy.dialects.sqlite.base.SQLiteCompiler object at 0x7f618a3aa490>
parameters = [('admin', 'scrypt:32768:8:1$vkHhi1Bs6N8jm2hQ$cc9a7f93eeff255241bc5b7bbae366ccbc50ab17e1cad770103f4d0168f7eb59361b41e54c18f28e9648fad369948a6f43e273ed1505a8807b0d4028666a5ae8', 'admin@test.com', 1, 1, '2025-11-30 03:18:33.461847', ...)]

    def _exec_single_context(
        self,
        dialect: Dialect,
        context: ExecutionContext,
        statement: Union[str, Compiled],
        parameters: Optional[_AnyMultiExecuteParams],
    ) -> CursorResult[Any]:
        """continue the _execute_context() method for a single DBAPI
        cursor.execute() or cursor.executemany() call.
    
        """
        if dialect.bind_typing is BindTyping.SETINPUTSIZES:
            generic_setinputsizes = context._prepare_set_input_sizes()
    
            if generic_setinputsizes:
                try:
                    dialect.do_set_input_sizes(
                        context.cursor, generic_setinputsizes, context
                    )
                except BaseException as e:
                    self._handle_dbapi_exception(
                        e, str(statement), parameters, None, context
                    )
    
        cursor, str_statement, parameters = (
            context.cursor,
            context.statement,
            context.parameters,
        )
    
        effective_parameters: Optional[_AnyExecuteParams]
    
        if not context.executemany:
            effective_parameters = parameters[0]
        else:
            effective_parameters = parameters
    
        if self._has_events or self.engine._has_events:
            for fn in self.dispatch.before_cursor_execute:
                str_statement, effective_parameters = fn(
                    self,
                    cursor,
                    str_statement,
                    effective_parameters,
                    context,
                    context.executemany,
                )
    
        if self._echo:
            self._log_info(str_statement)
    
            stats = context._get_cache_stats()
    
            if not self.engine.hide_parameters:
                self._log_info(
                    "[%s] %r",
                    stats,
                    sql_util._repr_params(
                        effective_parameters,
                        batches=10,
                        ismulti=context.executemany,
                    ),
                )
            else:
                self._log_info(
                    "[%s] [SQL parameters hidden due to hide_parameters=True]",
                    stats,
                )
    
        evt_handled: bool = False
        try:
            if context.execute_style is ExecuteStyle.EXECUTEMANY:
                effective_parameters = cast(
                    "_CoreMultiExecuteParams", effective_parameters
                )
                if self.dialect._has_events:
                    for fn in self.dialect.dispatch.do_executemany:
                        if fn(
                            cursor,
                            str_statement,
                            effective_parameters,
                            context,
                        ):
                            evt_handled = True
                            break
                if not evt_handled:
                    self.dialect.do_executemany(
                        cursor,
                        str_statement,
                        effective_parameters,
                        context,
                    )
            elif not effective_parameters and context.no_parameters:
                if self.dialect._has_events:
                    for fn in self.dialect.dispatch.do_execute_no_params:
                        if fn(cursor, str_statement, context):
                            evt_handled = True
                            break
                if not evt_handled:
                    self.dialect.do_execute_no_params(
                        cursor, str_statement, context
                    )
            else:
                effective_parameters = cast(
                    "_CoreSingleExecuteParams", effective_parameters
                )
                if self.dialect._has_events:
                    for fn in self.dialect.dispatch.do_execute:
                        if fn(
                            cursor,
                            str_statement,
                            effective_parameters,
                            context,
                        ):
                            evt_handled = True
                            break
                if not evt_handled:
>                   self.dialect.do_execute(
                        cursor, str_statement, effective_parameters, context
                    )

.venv/lib/python3.13/site-packages/sqlalchemy/engine/base.py:1967: 
_ _ _ _ _ _ _ _ _ _ _ _ _ _ _ _ _ _ _ _ _ _ _ _ _ _ _ _ _ _ _ _ _ _ _ _ _ _ _ _ 

self = <sqlalchemy.dialects.sqlite.pysqlite.SQLiteDialect_pysqlite object at 0x7f618a32e510>
cursor = <sqlite3.Cursor object at 0x7f6189cc52c0>
statement = 'INSERT INTO usuarios (username, password_hash, correo, es_admin, activo, fecha_creacion, fecha_actualizacion) VALUES (?, ?, ?, ?, ?, ?, ?)'
parameters = ('admin', 'scrypt:32768:8:1$vkHhi1Bs6N8jm2hQ$cc9a7f93eeff255241bc5b7bbae366ccbc50ab17e1cad770103f4d0168f7eb59361b41e54c18f28e9648fad369948a6f43e273ed1505a8807b0d4028666a5ae8', 'admin@test.com', 1, 1, '2025-11-30 03:18:33.461847', ...)
context = <sqlalchemy.dialects.sqlite.base.SQLiteExecutionContext object at 0x7f618a0526d0>

    def do_execute(self, cursor, statement, parameters, context=None):
>       cursor.execute(statement, parameters)
E       sqlite3.IntegrityError: UNIQUE constraint failed: usuarios.username

.venv/lib/python3.13/site-packages/sqlalchemy/engine/default.py:951: IntegrityError

The above exception was the direct cause of the following exception:

    @pytest.fixture
    def client():
        app.config['TESTING'] = True
        app.config['SQLALCHEMY_DATABASE_URI'] = 'sqlite:///:memory:'
        with app.app_context():
            db.create_all()
            admin = Usuario(username='admin', correo='admin@test.com', es_admin=True, activo=True)
            admin.set_password('admin123')
            db.session.add(admin)
>           db.session.commit()

test_api.py:15: 
_ _ _ _ _ _ _ _ _ _ _ _ _ _ _ _ _ _ _ _ _ _ _ _ _ _ _ _ _ _ _ _ _ _ _ _ _ _ _ _ 
.venv/lib/python3.13/site-packages/sqlalchemy/orm/scoping.py:597: in commit
    return self._proxied.commit()
           ^^^^^^^^^^^^^^^^^^^^^^
.venv/lib/python3.13/site-packages/sqlalchemy/orm/session.py:2030: in commit
    trans.commit(_to_root=True)
<string>:2: in commit
    ???
.venv/lib/python3.13/site-packages/sqlalchemy/orm/state_changes.py:137: in _go
    ret_value = fn(self, *arg, **kw)
                ^^^^^^^^^^^^^^^^^^^^
.venv/lib/python3.13/site-packages/sqlalchemy/orm/session.py:1311: in commit
    self._prepare_impl()
<string>:2: in _prepare_impl
    ???
.venv/lib/python3.13/site-packages/sqlalchemy/orm/state_changes.py:137: in _go
    ret_value = fn(self, *arg, **kw)
                ^^^^^^^^^^^^^^^^^^^^
.venv/lib/python3.13/site-packages/sqlalchemy/orm/session.py:1286: in _prepare_impl
    self.session.flush()
.venv/lib/python3.13/site-packages/sqlalchemy/orm/session.py:4331: in flush
    self._flush(objects)
.venv/lib/python3.13/site-packages/sqlalchemy/orm/session.py:4466: in _flush
    with util.safe_reraise():
         ^^^^^^^^^^^^^^^^^^^
.venv/lib/python3.13/site-packages/sqlalchemy/util/langhelpers.py:224: in __exit__
    raise exc_value.with_traceback(exc_tb)
.venv/lib/python3.13/site-packages/sqlalchemy/orm/session.py:4427: in _flush
    flush_context.execute()
.venv/lib/python3.13/site-packages/sqlalchemy/orm/unitofwork.py:466: in execute
    rec.execute(self)
.venv/lib/python3.13/site-packages/sqlalchemy/orm/unitofwork.py:642: in execute
    util.preloaded.orm_persistence.save_obj(
.venv/lib/python3.13/site-packages/sqlalchemy/orm/persistence.py:93: in save_obj
    _emit_insert_statements(
.venv/lib/python3.13/site-packages/sqlalchemy/orm/persistence.py:1233: in _emit_insert_statements
    result = connection.execute(
.venv/lib/python3.13/site-packages/sqlalchemy/engine/base.py:1419: in execute
    return meth(
.venv/lib/python3.13/site-packages/sqlalchemy/sql/elements.py:526: in _execute_on_connection
    return connection._execute_clauseelement(
.venv/lib/python3.13/site-packages/sqlalchemy/engine/base.py:1641: in _execute_clauseelement
    ret = self._execute_context(
.venv/lib/python3.13/site-packages/sqlalchemy/engine/base.py:1846: in _execute_context
    return self._exec_single_context(
.venv/lib/python3.13/site-packages/sqlalchemy/engine/base.py:1986: in _exec_single_context
    self._handle_dbapi_exception(
.venv/lib/python3.13/site-packages/sqlalchemy/engine/base.py:2355: in _handle_dbapi_exception
    raise sqlalchemy_exception.with_traceback(exc_info[2]) from e
.venv/lib/python3.13/site-packages/sqlalchemy/engine/base.py:1967: in _exec_single_context
    self.dialect.do_execute(
_ _ _ _ _ _ _ _ _ _ _ _ _ _ _ _ _ _ _ _ _ _ _ _ _ _ _ _ _ _ _ _ _ _ _ _ _ _ _ _ 

self = <sqlalchemy.dialects.sqlite.pysqlite.SQLiteDialect_pysqlite object at 0x7f618a32e510>
cursor = <sqlite3.Cursor object at 0x7f6189cc52c0>
statement = 'INSERT INTO usuarios (username, password_hash, correo, es_admin, activo, fecha_creacion, fecha_actualizacion) VALUES (?, ?, ?, ?, ?, ?, ?)'
parameters = ('admin', 'scrypt:32768:8:1$vkHhi1Bs6N8jm2hQ$cc9a7f93eeff255241bc5b7bbae366ccbc50ab17e1cad770103f4d0168f7eb59361b41e54c18f28e9648fad369948a6f43e273ed1505a8807b0d4028666a5ae8', 'admin@test.com', 1, 1, '2025-11-30 03:18:33.461847', ...)
context = <sqlalchemy.dialects.sqlite.base.SQLiteExecutionContext object at 0x7f618a0526d0>

    def do_execute(self, cursor, statement, parameters, context=None):
>       cursor.execute(statement, parameters)
E       sqlalchemy.exc.IntegrityError: (sqlite3.IntegrityError) UNIQUE constraint failed: usuarios.username
E       [SQL: INSERT INTO usuarios (username, password_hash, correo, es_admin, activo, fecha_creacion, fecha_actualizacion) VALUES (?, ?, ?, ?, ?, ?, ?)]
E       [parameters: ('admin', 'scrypt:32768:8:1$vkHhi1Bs6N8jm2hQ$cc9a7f93eeff255241bc5b7bbae366ccbc50ab17e1cad770103f4d0168f7eb59361b41e54c18f28e9648fad369948a6f43e273ed1505a8807b0d4028666a5ae8', 'admin@test.com', 1, 1, '2025-11-30 03:18:33.461847', '2025-11-30 03:18:33.461861')]
E       (Background on this error at: https://sqlalche.me/e/20/gkpj)

.venv/lib/python3.13/site-packages/sqlalchemy/engine/default.py:951: IntegrityError
_______________ ERROR at setup of TestProtected.test_needs_login _______________

self = <sqlalchemy.engine.base.Connection object at 0x7f618a05c130>
dialect = <sqlalchemy.dialects.sqlite.pysqlite.SQLiteDialect_pysqlite object at 0x7f618a32e510>
context = <sqlalchemy.dialects.sqlite.base.SQLiteExecutionContext object at 0x7f618a05c2f0>
statement = <sqlalchemy.dialects.sqlite.base.SQLiteCompiler object at 0x7f618a3aa490>
parameters = [('admin', 'scrypt:32768:8:1$n4xqd9HGIzohk24X$15723b7cd78ed597270393aa830861867599c3eec66cb5700dfefd16c948b960211972f3eb7e29f53f24267aa115cf09d96279c989e4ca2a1a817a5a7f2570ec', 'admin@test.com', 1, 1, '2025-11-30 03:18:34.274257', ...)]

    def _exec_single_context(
        self,
        dialect: Dialect,
        context: ExecutionContext,
        statement: Union[str, Compiled],
        parameters: Optional[_AnyMultiExecuteParams],
    ) -> CursorResult[Any]:
        """continue the _execute_context() method for a single DBAPI
        cursor.execute() or cursor.executemany() call.
    
        """
        if dialect.bind_typing is BindTyping.SETINPUTSIZES:
            generic_setinputsizes = context._prepare_set_input_sizes()
    
            if generic_setinputsizes:
                try:
                    dialect.do_set_input_sizes(
                        context.cursor, generic_setinputsizes, context
                    )
                except BaseException as e:
                    self._handle_dbapi_exception(
                        e, str(statement), parameters, None, context
                    )
    
        cursor, str_statement, parameters = (
            context.cursor,
            context.statement,
            context.parameters,
        )
    
        effective_parameters: Optional[_AnyExecuteParams]
    
        if not context.executemany:
            effective_parameters = parameters[0]
        else:
            effective_parameters = parameters
    
        if self._has_events or self.engine._has_events:
            for fn in self.dispatch.before_cursor_execute:
                str_statement, effective_parameters = fn(
                    self,
                    cursor,
                    str_statement,
                    effective_parameters,
                    context,
                    context.executemany,
                )
    
        if self._echo:
            self._log_info(str_statement)
    
            stats = context._get_cache_stats()
    
            if not self.engine.hide_parameters:
                self._log_info(
                    "[%s] %r",
                    stats,
                    sql_util._repr_params(
                        effective_parameters,
                        batches=10,
                        ismulti=context.executemany,
                    ),
                )
            else:
                self._log_info(
                    "[%s] [SQL parameters hidden due to hide_parameters=True]",
                    stats,
                )
    
        evt_handled: bool = False
        try:
            if context.execute_style is ExecuteStyle.EXECUTEMANY:
                effective_parameters = cast(
                    "_CoreMultiExecuteParams", effective_parameters
                )
                if self.dialect._has_events:
                    for fn in self.dialect.dispatch.do_executemany:
                        if fn(
                            cursor,
                            str_statement,
                            effective_parameters,
                            context,
                        ):
                            evt_handled = True
                            break
                if not evt_handled:
                    self.dialect.do_executemany(
                        cursor,
                        str_statement,
                        effective_parameters,
                        context,
                    )
            elif not effective_parameters and context.no_parameters:
                if self.dialect._has_events:
                    for fn in self.dialect.dispatch.do_execute_no_params:
                        if fn(cursor, str_statement, context):
                            evt_handled = True
                            break
                if not evt_handled:
                    self.dialect.do_execute_no_params(
                        cursor, str_statement, context
                    )
            else:
                effective_parameters = cast(
                    "_CoreSingleExecuteParams", effective_parameters
                )
                if self.dialect._has_events:
                    for fn in self.dialect.dispatch.do_execute:
                        if fn(
                            cursor,
                            str_statement,
                            effective_parameters,
                            context,
                        ):
                            evt_handled = True
                            break
                if not evt_handled:
>                   self.dialect.do_execute(
                        cursor, str_statement, effective_parameters, context
                    )

.venv/lib/python3.13/site-packages/sqlalchemy/engine/base.py:1967: 
_ _ _ _ _ _ _ _ _ _ _ _ _ _ _ _ _ _ _ _ _ _ _ _ _ _ _ _ _ _ _ _ _ _ _ _ _ _ _ _ 

self = <sqlalchemy.dialects.sqlite.pysqlite.SQLiteDialect_pysqlite object at 0x7f618a32e510>
cursor = <sqlite3.Cursor object at 0x7f618920b740>
statement = 'INSERT INTO usuarios (username, password_hash, correo, es_admin, activo, fecha_creacion, fecha_actualizacion) VALUES (?, ?, ?, ?, ?, ?, ?)'
parameters = ('admin', 'scrypt:32768:8:1$n4xqd9HGIzohk24X$15723b7cd78ed597270393aa830861867599c3eec66cb5700dfefd16c948b960211972f3eb7e29f53f24267aa115cf09d96279c989e4ca2a1a817a5a7f2570ec', 'admin@test.com', 1, 1, '2025-11-30 03:18:34.274257', ...)
context = <sqlalchemy.dialects.sqlite.base.SQLiteExecutionContext object at 0x7f618a05c2f0>

    def do_execute(self, cursor, statement, parameters, context=None):
>       cursor.execute(statement, parameters)
E       sqlite3.IntegrityError: UNIQUE constraint failed: usuarios.username

.venv/lib/python3.13/site-packages/sqlalchemy/engine/default.py:951: IntegrityError

The above exception was the direct cause of the following exception:

    @pytest.fixture
    def client():
        app.config['TESTING'] = True
        app.config['SQLALCHEMY_DATABASE_URI'] = 'sqlite:///:memory:'
        with app.app_context():
            db.create_all()
            admin = Usuario(username='admin', correo='admin@test.com', es_admin=True, activo=True)
            admin.set_password('admin123')
            db.session.add(admin)
>           db.session.commit()

test_api.py:15: 
_ _ _ _ _ _ _ _ _ _ _ _ _ _ _ _ _ _ _ _ _ _ _ _ _ _ _ _ _ _ _ _ _ _ _ _ _ _ _ _ 
.venv/lib/python3.13/site-packages/sqlalchemy/orm/scoping.py:597: in commit
    return self._proxied.commit()
           ^^^^^^^^^^^^^^^^^^^^^^
.venv/lib/python3.13/site-packages/sqlalchemy/orm/session.py:2030: in commit
    trans.commit(_to_root=True)
<string>:2: in commit
    ???
.venv/lib/python3.13/site-packages/sqlalchemy/orm/state_changes.py:137: in _go
    ret_value = fn(self, *arg, **kw)
                ^^^^^^^^^^^^^^^^^^^^
.venv/lib/python3.13/site-packages/sqlalchemy/orm/session.py:1311: in commit
    self._prepare_impl()
<string>:2: in _prepare_impl
    ???
.venv/lib/python3.13/site-packages/sqlalchemy/orm/state_changes.py:137: in _go
    ret_value = fn(self, *arg, **kw)
                ^^^^^^^^^^^^^^^^^^^^
.venv/lib/python3.13/site-packages/sqlalchemy/orm/session.py:1286: in _prepare_impl
    self.session.flush()
.venv/lib/python3.13/site-packages/sqlalchemy/orm/session.py:4331: in flush
    self._flush(objects)
.venv/lib/python3.13/site-packages/sqlalchemy/orm/session.py:4466: in _flush
    with util.safe_reraise():
         ^^^^^^^^^^^^^^^^^^^
.venv/lib/python3.13/site-packages/sqlalchemy/util/langhelpers.py:224: in __exit__
    raise exc_value.with_traceback(exc_tb)
.venv/lib/python3.13/site-packages/sqlalchemy/orm/session.py:4427: in _flush
    flush_context.execute()
.venv/lib/python3.13/site-packages/sqlalchemy/orm/unitofwork.py:466: in execute
    rec.execute(self)
.venv/lib/python3.13/site-packages/sqlalchemy/orm/unitofwork.py:642: in execute
    util.preloaded.orm_persistence.save_obj(
.venv/lib/python3.13/site-packages/sqlalchemy/orm/persistence.py:93: in save_obj
    _emit_insert_statements(
.venv/lib/python3.13/site-packages/sqlalchemy/orm/persistence.py:1233: in _emit_insert_statements
    result = connection.execute(
.venv/lib/python3.13/site-packages/sqlalchemy/engine/base.py:1419: in execute
    return meth(
.venv/lib/python3.13/site-packages/sqlalchemy/sql/elements.py:526: in _execute_on_connection
    return connection._execute_clauseelement(
.venv/lib/python3.13/site-packages/sqlalchemy/engine/base.py:1641: in _execute_clauseelement
    ret = self._execute_context(
.venv/lib/python3.13/site-packages/sqlalchemy/engine/base.py:1846: in _execute_context
    return self._exec_single_context(
.venv/lib/python3.13/site-packages/sqlalchemy/engine/base.py:1986: in _exec_single_context
    self._handle_dbapi_exception(
.venv/lib/python3.13/site-packages/sqlalchemy/engine/base.py:2355: in _handle_dbapi_exception
    raise sqlalchemy_exception.with_traceback(exc_info[2]) from e
.venv/lib/python3.13/site-packages/sqlalchemy/engine/base.py:1967: in _exec_single_context
    self.dialect.do_execute(
_ _ _ _ _ _ _ _ _ _ _ _ _ _ _ _ _ _ _ _ _ _ _ _ _ _ _ _ _ _ _ _ _ _ _ _ _ _ _ _ 

self = <sqlalchemy.dialects.sqlite.pysqlite.SQLiteDialect_pysqlite object at 0x7f618a32e510>
cursor = <sqlite3.Cursor object at 0x7f618920b740>
statement = 'INSERT INTO usuarios (username, password_hash, correo, es_admin, activo, fecha_creacion, fecha_actualizacion) VALUES (?, ?, ?, ?, ?, ?, ?)'
parameters = ('admin', 'scrypt:32768:8:1$n4xqd9HGIzohk24X$15723b7cd78ed597270393aa830861867599c3eec66cb5700dfefd16c948b960211972f3eb7e29f53f24267aa115cf09d96279c989e4ca2a1a817a5a7f2570ec', 'admin@test.com', 1, 1, '2025-11-30 03:18:34.274257', ...)
context = <sqlalchemy.dialects.sqlite.base.SQLiteExecutionContext object at 0x7f618a05c2f0>

    def do_execute(self, cursor, statement, parameters, context=None):
>       cursor.execute(statement, parameters)
E       sqlalchemy.exc.IntegrityError: (sqlite3.IntegrityError) UNIQUE constraint failed: usuarios.username
E       [SQL: INSERT INTO usuarios (username, password_hash, correo, es_admin, activo, fecha_creacion, fecha_actualizacion) VALUES (?, ?, ?, ?, ?, ?, ?)]
E       [parameters: ('admin', 'scrypt:32768:8:1$n4xqd9HGIzohk24X$15723b7cd78ed597270393aa830861867599c3eec66cb5700dfefd16c948b960211972f3eb7e29f53f24267aa115cf09d96279c989e4ca2a1a817a5a7f2570ec', 'admin@test.com', 1, 1, '2025-11-30 03:18:34.274257', '2025-11-30 03:18:34.274269')]
E       (Background on this error at: https://sqlalche.me/e/20/gkpj)

.venv/lib/python3.13/site-packages/sqlalchemy/engine/default.py:951: IntegrityError
_______________ ERROR at setup of TestProtected.test_with_login ________________

self = <sqlalchemy.engine.base.Connection object at 0x7f618a05dd30>
dialect = <sqlalchemy.dialects.sqlite.pysqlite.SQLiteDialect_pysqlite object at 0x7f618a32e510>
context = <sqlalchemy.dialects.sqlite.base.SQLiteExecutionContext object at 0x7f618a05e0b0>
statement = <sqlalchemy.dialects.sqlite.base.SQLiteCompiler object at 0x7f618a3aa490>
parameters = [('admin', 'scrypt:32768:8:1$rDf6z4y5oNN0fWw4$7ff684a2fe7835bc61263d033d6369371b61f37e5b449bdfe093d3c0a50d34dadf432c32ac297c9028163934d7e4d6c43e43332a42cdf592c082dd4709cefff6', 'admin@test.com', 1, 1, '2025-11-30 03:18:35.014864', ...)]

    def _exec_single_context(
        self,
        dialect: Dialect,
        context: ExecutionContext,
        statement: Union[str, Compiled],
        parameters: Optional[_AnyMultiExecuteParams],
    ) -> CursorResult[Any]:
        """continue the _execute_context() method for a single DBAPI
        cursor.execute() or cursor.executemany() call.
    
        """
        if dialect.bind_typing is BindTyping.SETINPUTSIZES:
            generic_setinputsizes = context._prepare_set_input_sizes()
    
            if generic_setinputsizes:
                try:
                    dialect.do_set_input_sizes(
                        context.cursor, generic_setinputsizes, context
                    )
                except BaseException as e:
                    self._handle_dbapi_exception(
                        e, str(statement), parameters, None, context
                    )
    
        cursor, str_statement, parameters = (
            context.cursor,
            context.statement,
            context.parameters,
        )
    
        effective_parameters: Optional[_AnyExecuteParams]
    
        if not context.executemany:
            effective_parameters = parameters[0]
        else:
            effective_parameters = parameters
    
        if self._has_events or self.engine._has_events:
            for fn in self.dispatch.before_cursor_execute:
                str_statement, effective_parameters = fn(
                    self,
                    cursor,
                    str_statement,
                    effective_parameters,
                    context,
                    context.executemany,
                )
    
        if self._echo:
            self._log_info(str_statement)
    
            stats = context._get_cache_stats()
    
            if not self.engine.hide_parameters:
                self._log_info(
                    "[%s] %r",
                    stats,
                    sql_util._repr_params(
                        effective_parameters,
                        batches=10,
                        ismulti=context.executemany,
                    ),
                )
            else:
                self._log_info(
                    "[%s] [SQL parameters hidden due to hide_parameters=True]",
                    stats,
                )
    
        evt_handled: bool = False
        try:
            if context.execute_style is ExecuteStyle.EXECUTEMANY:
                effective_parameters = cast(
                    "_CoreMultiExecuteParams", effective_parameters
                )
                if self.dialect._has_events:
                    for fn in self.dialect.dispatch.do_executemany:
                        if fn(
                            cursor,
                            str_statement,
                            effective_parameters,
                            context,
                        ):
                            evt_handled = True
                            break
                if not evt_handled:
                    self.dialect.do_executemany(
                        cursor,
                        str_statement,
                        effective_parameters,
                        context,
                    )
            elif not effective_parameters and context.no_parameters:
                if self.dialect._has_events:
                    for fn in self.dialect.dispatch.do_execute_no_params:
                        if fn(cursor, str_statement, context):
                            evt_handled = True
                            break
                if not evt_handled:
                    self.dialect.do_execute_no_params(
                        cursor, str_statement, context
                    )
            else:
                effective_parameters = cast(
                    "_CoreSingleExecuteParams", effective_parameters
                )
                if self.dialect._has_events:
                    for fn in self.dialect.dispatch.do_execute:
                        if fn(
                            cursor,
                            str_statement,
                            effective_parameters,
                            context,
                        ):
                            evt_handled = True
                            break
                if not evt_handled:
>                   self.dialect.do_execute(
                        cursor, str_statement, effective_parameters, context
                    )

.venv/lib/python3.13/site-packages/sqlalchemy/engine/base.py:1967: 
_ _ _ _ _ _ _ _ _ _ _ _ _ _ _ _ _ _ _ _ _ _ _ _ _ _ _ _ _ _ _ _ _ _ _ _ _ _ _ _ 

self = <sqlalchemy.dialects.sqlite.pysqlite.SQLiteDialect_pysqlite object at 0x7f618a32e510>
cursor = <sqlite3.Cursor object at 0x7f618a0f3840>
statement = 'INSERT INTO usuarios (username, password_hash, correo, es_admin, activo, fecha_creacion, fecha_actualizacion) VALUES (?, ?, ?, ?, ?, ?, ?)'
parameters = ('admin', 'scrypt:32768:8:1$rDf6z4y5oNN0fWw4$7ff684a2fe7835bc61263d033d6369371b61f37e5b449bdfe093d3c0a50d34dadf432c32ac297c9028163934d7e4d6c43e43332a42cdf592c082dd4709cefff6', 'admin@test.com', 1, 1, '2025-11-30 03:18:35.014864', ...)
context = <sqlalchemy.dialects.sqlite.base.SQLiteExecutionContext object at 0x7f618a05e0b0>

    def do_execute(self, cursor, statement, parameters, context=None):
>       cursor.execute(statement, parameters)
E       sqlite3.IntegrityError: UNIQUE constraint failed: usuarios.username

.venv/lib/python3.13/site-packages/sqlalchemy/engine/default.py:951: IntegrityError

The above exception was the direct cause of the following exception:

    @pytest.fixture
    def client():
        app.config['TESTING'] = True
        app.config['SQLALCHEMY_DATABASE_URI'] = 'sqlite:///:memory:'
        with app.app_context():
            db.create_all()
            admin = Usuario(username='admin', correo='admin@test.com', es_admin=True, activo=True)
            admin.set_password('admin123')
            db.session.add(admin)
>           db.session.commit()

test_api.py:15: 
_ _ _ _ _ _ _ _ _ _ _ _ _ _ _ _ _ _ _ _ _ _ _ _ _ _ _ _ _ _ _ _ _ _ _ _ _ _ _ _ 
.venv/lib/python3.13/site-packages/sqlalchemy/orm/scoping.py:597: in commit
    return self._proxied.commit()
           ^^^^^^^^^^^^^^^^^^^^^^
.venv/lib/python3.13/site-packages/sqlalchemy/orm/session.py:2030: in commit
    trans.commit(_to_root=True)
<string>:2: in commit
    ???
.venv/lib/python3.13/site-packages/sqlalchemy/orm/state_changes.py:137: in _go
    ret_value = fn(self, *arg, **kw)
                ^^^^^^^^^^^^^^^^^^^^
.venv/lib/python3.13/site-packages/sqlalchemy/orm/session.py:1311: in commit
    self._prepare_impl()
<string>:2: in _prepare_impl
    ???
.venv/lib/python3.13/site-packages/sqlalchemy/orm/state_changes.py:137: in _go
    ret_value = fn(self, *arg, **kw)
                ^^^^^^^^^^^^^^^^^^^^
.venv/lib/python3.13/site-packages/sqlalchemy/orm/session.py:1286: in _prepare_impl
    self.session.flush()
.venv/lib/python3.13/site-packages/sqlalchemy/orm/session.py:4331: in flush
    self._flush(objects)
.venv/lib/python3.13/site-packages/sqlalchemy/orm/session.py:4466: in _flush
    with util.safe_reraise():
         ^^^^^^^^^^^^^^^^^^^
.venv/lib/python3.13/site-packages/sqlalchemy/util/langhelpers.py:224: in __exit__
    raise exc_value.with_traceback(exc_tb)
.venv/lib/python3.13/site-packages/sqlalchemy/orm/session.py:4427: in _flush
    flush_context.execute()
.venv/lib/python3.13/site-packages/sqlalchemy/orm/unitofwork.py:466: in execute
    rec.execute(self)
.venv/lib/python3.13/site-packages/sqlalchemy/orm/unitofwork.py:642: in execute
    util.preloaded.orm_persistence.save_obj(
.venv/lib/python3.13/site-packages/sqlalchemy/orm/persistence.py:93: in save_obj
    _emit_insert_statements(
.venv/lib/python3.13/site-packages/sqlalchemy/orm/persistence.py:1233: in _emit_insert_statements
    result = connection.execute(
.venv/lib/python3.13/site-packages/sqlalchemy/engine/base.py:1419: in execute
    return meth(
.venv/lib/python3.13/site-packages/sqlalchemy/sql/elements.py:526: in _execute_on_connection
    return connection._execute_clauseelement(
.venv/lib/python3.13/site-packages/sqlalchemy/engine/base.py:1641: in _execute_clauseelement
    ret = self._execute_context(
.venv/lib/python3.13/site-packages/sqlalchemy/engine/base.py:1846: in _execute_context
    return self._exec_single_context(
.venv/lib/python3.13/site-packages/sqlalchemy/engine/base.py:1986: in _exec_single_context
    self._handle_dbapi_exception(
.venv/lib/python3.13/site-packages/sqlalchemy/engine/base.py:2355: in _handle_dbapi_exception
    raise sqlalchemy_exception.with_traceback(exc_info[2]) from e
.venv/lib/python3.13/site-packages/sqlalchemy/engine/base.py:1967: in _exec_single_context
    self.dialect.do_execute(
_ _ _ _ _ _ _ _ _ _ _ _ _ _ _ _ _ _ _ _ _ _ _ _ _ _ _ _ _ _ _ _ _ _ _ _ _ _ _ _ 

self = <sqlalchemy.dialects.sqlite.pysqlite.SQLiteDialect_pysqlite object at 0x7f618a32e510>
cursor = <sqlite3.Cursor object at 0x7f618a0f3840>
statement = 'INSERT INTO usuarios (username, password_hash, correo, es_admin, activo, fecha_creacion, fecha_actualizacion) VALUES (?, ?, ?, ?, ?, ?, ?)'
parameters = ('admin', 'scrypt:32768:8:1$rDf6z4y5oNN0fWw4$7ff684a2fe7835bc61263d033d6369371b61f37e5b449bdfe093d3c0a50d34dadf432c32ac297c9028163934d7e4d6c43e43332a42cdf592c082dd4709cefff6', 'admin@test.com', 1, 1, '2025-11-30 03:18:35.014864', ...)
context = <sqlalchemy.dialects.sqlite.base.SQLiteExecutionContext object at 0x7f618a05e0b0>

    def do_execute(self, cursor, statement, parameters, context=None):
>       cursor.execute(statement, parameters)
E       sqlalchemy.exc.IntegrityError: (sqlite3.IntegrityError) UNIQUE constraint failed: usuarios.username
E       [SQL: INSERT INTO usuarios (username, password_hash, correo, es_admin, activo, fecha_creacion, fecha_actualizacion) VALUES (?, ?, ?, ?, ?, ?, ?)]
E       [parameters: ('admin', 'scrypt:32768:8:1$rDf6z4y5oNN0fWw4$7ff684a2fe7835bc61263d033d6369371b61f37e5b449bdfe093d3c0a50d34dadf432c32ac297c9028163934d7e4d6c43e43332a42cdf592c082dd4709cefff6', 'admin@test.com', 1, 1, '2025-11-30 03:18:35.014864', '2025-11-30 03:18:35.014875')]
E       (Background on this error at: https://sqlalche.me/e/20/gkpj)

.venv/lib/python3.13/site-packages/sqlalchemy/engine/default.py:951: IntegrityError
=============================== warnings summary ===============================
.venv/lib/python3.13/site-packages/sqlalchemy/sql/schema.py:3624: 2 warnings
test_api.py: 14 warnings
  /home/grupoverduzco/Documentos/industrial-verduzco/.venv/lib/python3.13/site-packages/sqlalchemy/sql/schema.py:3624: DeprecationWarning: datetime.datetime.utcnow() is deprecated and scheduled for removal in a future version. Use timezone-aware objects to represent datetimes in UTC: datetime.datetime.now(datetime.UTC).
    return util.wrap_callable(lambda ctx: fn(), fn)  # type: ignore

-- Docs: https://docs.pytest.org/en/stable/how-to/capture-warnings.html
=========================== short test summary info ============================
ERROR test_api.py::TestLogin::test_login_page - sqlalchemy.exc.IntegrityError...
ERROR test_api.py::TestLogin::test_login_ok - sqlalchemy.exc.IntegrityError: ...
ERROR test_api.py::TestLogin::test_login_fail - sqlalchemy.exc.IntegrityError...
ERROR test_api.py::TestPublic::test_catalogo - sqlalchemy.exc.IntegrityError:...
ERROR test_api.py::TestPublic::test_search - sqlalchemy.exc.IntegrityError: (...
ERROR test_api.py::TestProtected::test_needs_login - sqlalchemy.exc.Integrity...
ERROR test_api.py::TestProtected::test_with_login - sqlalchemy.exc.IntegrityE...
======================== 16 warnings, 7 errors in 6.39s ========================
(.venv) root@debian:/home/grupoverduzco/Documentos/industrial-verduzco# python -m pip install python-dotenv
Requirement already satisfied: python-dotenv in ./.venv/lib/python3.13/site-packages (1.2.1)
(.venv) root@debian:/home/grupoverduzco/Documentos/industrial-verduzco# 
